<?xml version="1.0" encoding="UTF-8"?>
<!-- Generated by org.testng.reporters.JUnitReportReporter -->
<testsuite hostname="MSD7" failures="0" tests="1" name="testcases.Tc001_Accountregistration" time="3.927" errors="0" timestamp="2025-04-21T14:39:58 IST" skipped="0">
  <testcase classname="testcases.Tc001_Accountregistration" name="Verify_account_register" time="3.927"/>
</testsuite> <!-- testcases.Tc001_Accountregistration -->
