<?xml version="1.0" encoding="UTF-8"?>
<!-- Generated by org.testng.reporters.JUnitReportReporter -->
<testsuite hostname="MSD7" failures="0" tests="1" name="testcases.Tc002_loginverify" time="1.758" errors="0" timestamp="2025-04-17T19:10:15 IST" skipped="0">
  <testcase classname="testcases.Tc002_loginverify" name="logintest" time="1.758"/>
</testsuite> <!-- testcases.Tc002_loginverify -->
